#! /c/iverilog/bin/vvp
:ivl_version "12.0 (devel)" "(s20150603-965-g55e06db6)";
:ivl_delay_selection "TYPICAL";
:vpi_time_precision - 12;
:vpi_module "C:\iverilog\lib\ivl\system.vpi";
:vpi_module "C:\iverilog\lib\ivl\vhdl_sys.vpi";
:vpi_module "C:\iverilog\lib\ivl\vhdl_textio.vpi";
:vpi_module "C:\iverilog\lib\ivl\v2005_math.vpi";
:vpi_module "C:\iverilog\lib\ivl\va_math.vpi";
S_000000000101de50 .scope module, "traffic_light_tb" "traffic_light_tb" 2 2;
 .timescale -9 -12;
v00000000010d45f0_0 .var "clk", 0 0;
v00000000010d4690_0 .net "lights", 2 0, v00000000010a2db0_0;  1 drivers
v00000000010d4730_0 .var "reset", 0 0;
S_000000000101dfe0 .scope module, "uut" "traffic_light" 2 7, 3 1 0, S_000000000101de50;
 .timescale 0 0;
    .port_info 0 /INPUT 1 "clk";
    .port_info 1 /INPUT 1 "reset";
    .port_info 2 /OUTPUT 3 "lights";
P_000000000101e170 .param/l "GREEN" 0 3 10, C4<01>;
P_000000000101e1a8 .param/l "RED" 0 3 9, C4<00>;
P_000000000101e1e0 .param/l "YELLOW" 0 3 11, C4<10>;
v00000000010a2b90_0 .net "clk", 0 0, v00000000010d45f0_0;  1 drivers
v00000000010a2db0_0 .var "lights", 2 0;
v000000000101e220_0 .net "reset", 0 0, v00000000010d4730_0;  1 drivers
v00000000010a28d0_0 .var "state", 1 0;
E_000000000101a270 .event posedge, v000000000101e220_0, v00000000010a2b90_0;
    .scope S_000000000101dfe0;
T_0 ;
    %wait E_000000000101a270;
    %load/vec4 v000000000101e220_0;
    %flag_set/vec4 8;
    %jmp/0xz  T_0.0, 8;
    %pushi/vec4 0, 0, 2;
    %assign/vec4 v00000000010a28d0_0, 0;
    %pushi/vec4 4, 0, 3;
    %assign/vec4 v00000000010a2db0_0, 0;
    %jmp T_0.1;
T_0.0 ;
    %load/vec4 v00000000010a28d0_0;
    %dup/vec4;
    %pushi/vec4 0, 0, 2;
    %cmp/u;
    %jmp/1 T_0.2, 6;
    %dup/vec4;
    %pushi/vec4 1, 0, 2;
    %cmp/u;
    %jmp/1 T_0.3, 6;
    %dup/vec4;
    %pushi/vec4 2, 0, 2;
    %cmp/u;
    %jmp/1 T_0.4, 6;
    %jmp T_0.5;
T_0.2 ;
    %pushi/vec4 1, 0, 2;
    %assign/vec4 v00000000010a28d0_0, 0;
    %pushi/vec4 1, 0, 3;
    %assign/vec4 v00000000010a2db0_0, 0;
    %jmp T_0.5;
T_0.3 ;
    %pushi/vec4 2, 0, 2;
    %assign/vec4 v00000000010a28d0_0, 0;
    %pushi/vec4 2, 0, 3;
    %assign/vec4 v00000000010a2db0_0, 0;
    %jmp T_0.5;
T_0.4 ;
    %pushi/vec4 0, 0, 2;
    %assign/vec4 v00000000010a28d0_0, 0;
    %pushi/vec4 4, 0, 3;
    %assign/vec4 v00000000010a2db0_0, 0;
    %jmp T_0.5;
T_0.5 ;
    %pop/vec4 1;
T_0.1 ;
    %jmp T_0;
    .thread T_0;
    .scope S_000000000101de50;
T_1 ;
    %delay 5000, 0;
    %load/vec4 v00000000010d45f0_0;
    %inv;
    %store/vec4 v00000000010d45f0_0, 0, 1;
    %jmp T_1;
    .thread T_1;
    .scope S_000000000101de50;
T_2 ;
    %vpi_call 2 17 "$dumpfile", "traffic.vcd" {0 0 0};
    %vpi_call 2 18 "$dumpvars", 32'sb00000000000000000000000000000000, S_000000000101de50 {0 0 0};
    %pushi/vec4 0, 0, 1;
    %store/vec4 v00000000010d45f0_0, 0, 1;
    %pushi/vec4 1, 0, 1;
    %store/vec4 v00000000010d4730_0, 0, 1;
    %delay 10000, 0;
    %pushi/vec4 0, 0, 1;
    %store/vec4 v00000000010d4730_0, 0, 1;
    %delay 100000, 0;
    %vpi_call 2 23 "$finish" {0 0 0};
    %end;
    .thread T_2;
# The file index is used to find the file name in the following table.
:file_names 4;
    "N/A";
    "<interactive>";
    "traffic_light_tb.v";
    "traffic_light.v";
